Added Component: Designator=LD2(LEDC2012X70N)
Added Component: Designator=LD3(LEDC2012X70N)
Added Component: Designator=LD4(LEDC2012X70N)
Add Component: Footprint Not Found RESC2013X84N
Add Component: Footprint Not Found RESC2013X84N
Add Component: Footprint Not Found RESC2013X84N
Add Pin To Net: Unknown Pin: Pin LD2-1
Add Pin To Net: Unknown Pin: Pin LD3-1
Add Pin To Net: Unknown Pin: Pin LD4-1
Added Pin To Net: NetName=INIT_LED Pin=U1-32
Added Net: Name=INIT_LED
Added Pin To Net: NetName=LORA_LED Pin=U1-31
Added Net: Name=LORA_LED
Added Net: Name=NetLD2_2
Added Net: Name=NetLD3_2
Added Net: Name=NetLD4_2
Added Pin To Net: NetName=RS485_LED Pin=U1-30
Added Net: Name=RS485_LED
Added Member To Class: ClassName=Sheet2 Member=Component C4 4.7uF
Added Member To Class: ClassName=Sheet2 Member=Component LD2
Added Member To Class: ClassName=Sheet2 Member=Component LD3
Added Member To Class: ClassName=Sheet2 Member=Component LD4
Add Class Member: Failed to add class member : Component R17 330
Add Class Member: Failed to add class member : Component R18 330
Add Class Member: Failed to add class member : Component R19 330
Added Member To Class: ClassName=Sheet2 Member=Component U2 MCP73831T-2ACI/OT
