Removed Pin From Net: NetName=NetF1_2 Pin=J1-1
Removed Pin From Net: NetName=GND Pin=J1-2
Added Component: Designator=D15(SOT-23)
Add component (AddParameter): Name = "Datasheet"; Value = ""; VariantName = "[No Variations]"
Add component (AddParameter): Name = "ki_description"; Value = "Zener Dual Diode Common Anode"; VariantName = "[No Variations]"
Add component (AddParameter): Name = "ki_keywords"; Value = "Zener Dual Diode Common Anode"; VariantName = "[No Variations]"
Add component (AddParameter): Name = "Supplier"; Value = ""; VariantName = "[No Variations]"
Add component (AddParameter): Name = "Value"; Value = "Single Diode"; VariantName = "[No Variations]"
Added Component: Designator=J1(JST_B2B-PH-K-S)
Add component (AddParameter): Name = "Check_prices"; Value = "https://www.snapeda.com/parts/B2B-PH-K-S/JST/view-part/?ref=eda"; VariantName = "[No Variations]"
Add component (AddParameter): Name = "MF"; Value = "JST Sales America Inc."; VariantName = "[No Variations]"
Add component (AddParameter): Name = "MP"; Value = "B2B-PH-K-S"; VariantName = "[No Variations]"
Add component (AddParameter): Name = "Package"; Value = "None"; VariantName = "[No Variations]"
Add component (AddParameter): Name = "SnapEDA_Link"; Value = "https://www.snapeda.com/parts/B2B-PH-K-S/JST/view-part/?ref=snap"; VariantName = "[No Variations]"
Add component (AddParameter): Name = "Value"; Value = ""; VariantName = "[No Variations]"
Added Component: Designator=R12(RESC2013X84N)
Added Pin To Net: NetName=GND Pin=D15-1
Added Pin To Net: NetName=NetF1_2 Pin=J1-1
Added Pin To Net: NetName=GND Pin=J1-2
Added Pin To Net: NetName=VDD Pin=R12-2
Added Pin To Net: NetName=NetD15_3 Pin=D15-3
Added Pin To Net: NetName=NetD15_3 Pin=R12-1
Added Net: Name=NetD15_3
Added Member To Class: ClassName=Sheet2 Member=Component D15 Zener 6.8V
Added Member To Class: ClassName=Sheet2 Member=Component R12 47
