Added Component: Designator=C1(CAPC2012X110N)
Add component (AddParameter): Name = "Check_prices"; Value = "https://www.snapeda.com/parts/C0805C125K4RACTU/Kemet/view-part/?ref=eda"; VariantName = "[No Variations]"
Add component (AddParameter): Name = "MF"; Value = "KEMET"; VariantName = "[No Variations]"
Add component (AddParameter): Name = "MP"; Value = "C0805C125K4RACTU"; VariantName = "[No Variations]"
Add component (AddParameter): Name = "Package"; Value = "805-2 KEMET"; VariantName = "[No Variations]"
Add component (AddParameter): Name = "SnapEDA_Link"; Value = "https://www.snapeda.com/parts/C0805C125K4RACTU/Kemet/view-part/?ref=snap"; VariantName = "[No Variations]"
Add component (AddParameter): Name = "Value"; Value = ""; VariantName = "[No Variations]"
Added Component: Designator=C2(CAPC2012X110N)
Add component (AddParameter): Name = "Check_prices"; Value = "https://www.snapeda.com/parts/C0805C125K4RACTU/Kemet/view-part/?ref=eda"; VariantName = "[No Variations]"
Add component (AddParameter): Name = "MF"; Value = "KEMET"; VariantName = "[No Variations]"
Add component (AddParameter): Name = "MP"; Value = "C0805C125K4RACTU"; VariantName = "[No Variations]"
Add component (AddParameter): Name = "Package"; Value = "805-2 KEMET"; VariantName = "[No Variations]"
Add component (AddParameter): Name = "SnapEDA_Link"; Value = "https://www.snapeda.com/parts/C0805C125K4RACTU/Kemet/view-part/?ref=snap"; VariantName = "[No Variations]"
Add component (AddParameter): Name = "Value"; Value = ""; VariantName = "[No Variations]"
Added Component: Designator=C3(CAPC2012X110N)
Add component (AddParameter): Name = "Check_prices"; Value = "https://www.snapeda.com/parts/C0805C125K4RACTU/Kemet/view-part/?ref=eda"; VariantName = "[No Variations]"
Add component (AddParameter): Name = "MF"; Value = "KEMET"; VariantName = "[No Variations]"
Add component (AddParameter): Name = "MP"; Value = "C0805C125K4RACTU"; VariantName = "[No Variations]"
Add component (AddParameter): Name = "Package"; Value = "805-2 KEMET"; VariantName = "[No Variations]"
Add component (AddParameter): Name = "SnapEDA_Link"; Value = "https://www.snapeda.com/parts/C0805C125K4RACTU/Kemet/view-part/?ref=snap"; VariantName = "[No Variations]"
Add component (AddParameter): Name = "Value"; Value = ""; VariantName = "[No Variations]"
Added Component: Designator=C4(CAPC2012X110N)
Add component (AddParameter): Name = "Check_prices"; Value = "https://www.snapeda.com/parts/C0805C125K4RACTU/Kemet/view-part/?ref=eda"; VariantName = "[No Variations]"
Add component (AddParameter): Name = "MF"; Value = "KEMET"; VariantName = "[No Variations]"
Add component (AddParameter): Name = "MP"; Value = "C0805C125K4RACTU"; VariantName = "[No Variations]"
Add component (AddParameter): Name = "Package"; Value = "805-2 KEMET"; VariantName = "[No Variations]"
Add component (AddParameter): Name = "SnapEDA_Link"; Value = "https://www.snapeda.com/parts/C0805C125K4RACTU/Kemet/view-part/?ref=snap"; VariantName = "[No Variations]"
Add component (AddParameter): Name = "Value"; Value = ""; VariantName = "[No Variations]"
Added Component: Designator=C5(CAPC2012X110N)
Add component (AddParameter): Name = "Check_prices"; Value = "https://www.snapeda.com/parts/C0805C125K4RACTU/Kemet/view-part/?ref=eda"; VariantName = "[No Variations]"
Add component (AddParameter): Name = "MF"; Value = "KEMET"; VariantName = "[No Variations]"
Add component (AddParameter): Name = "MP"; Value = "C0805C125K4RACTU"; VariantName = "[No Variations]"
Add component (AddParameter): Name = "Package"; Value = "805-2 KEMET"; VariantName = "[No Variations]"
Add component (AddParameter): Name = "SnapEDA_Link"; Value = "https://www.snapeda.com/parts/C0805C125K4RACTU/Kemet/view-part/?ref=snap"; VariantName = "[No Variations]"
Add component (AddParameter): Name = "Value"; Value = ""; VariantName = "[No Variations]"
Added Component: Designator=C6(CAPC2012X110N)
Add component (AddParameter): Name = "Check_prices"; Value = "https://www.snapeda.com/parts/C0805C125K4RACTU/Kemet/view-part/?ref=eda"; VariantName = "[No Variations]"
Add component (AddParameter): Name = "MF"; Value = "KEMET"; VariantName = "[No Variations]"
Add component (AddParameter): Name = "MP"; Value = "C0805C125K4RACTU"; VariantName = "[No Variations]"
Add component (AddParameter): Name = "Package"; Value = "805-2 KEMET"; VariantName = "[No Variations]"
Add component (AddParameter): Name = "SnapEDA_Link"; Value = "https://www.snapeda.com/parts/C0805C125K4RACTU/Kemet/view-part/?ref=snap"; VariantName = "[No Variations]"
Add component (AddParameter): Name = "Value"; Value = ""; VariantName = "[No Variations]"
Added Component: Designator=C7(CAP_EEFK_C_PAN)
Add component (AddParameter): Name = "Copyright"; Value = "Copyright (C) 2026 Ultra Librarian. All rights reserved."; VariantName = "[No Variations]"
Add component (AddParameter): Name = "Manufacturer_Name"; Value = "Panasonic"; VariantName = "[No Variations]"
Add component (AddParameter): Name = "Manufacturer_Part_Number"; Value = "EEE-FK1E220AR"; VariantName = "[No Variations]"
Add component (AddParameter): Name = "RefDes"; Value = ""; VariantName = "[No Variations]"
Add component (AddParameter): Name = "Type"; Value = ""; VariantName = "[No Variations]"
Added Component: Designator=C8(CAPC2012X110N)
Add component (AddParameter): Name = "Check_prices"; Value = "https://www.snapeda.com/parts/C0805C125K4RACTU/Kemet/view-part/?ref=eda"; VariantName = "[No Variations]"
Add component (AddParameter): Name = "MF"; Value = "KEMET"; VariantName = "[No Variations]"
Add component (AddParameter): Name = "MP"; Value = "C0805C125K4RACTU"; VariantName = "[No Variations]"
Add component (AddParameter): Name = "Package"; Value = "805-2 KEMET"; VariantName = "[No Variations]"
Add component (AddParameter): Name = "SnapEDA_Link"; Value = "https://www.snapeda.com/parts/C0805C125K4RACTU/Kemet/view-part/?ref=snap"; VariantName = "[No Variations]"
Add component (AddParameter): Name = "Value"; Value = ""; VariantName = "[No Variations]"
Added Component: Designator=C9(CAPC2012X110N)
Add component (AddParameter): Name = "Check_prices"; Value = "https://www.snapeda.com/parts/C0805C125K4RACTU/Kemet/view-part/?ref=eda"; VariantName = "[No Variations]"
Add component (AddParameter): Name = "MF"; Value = "KEMET"; VariantName = "[No Variations]"
Add component (AddParameter): Name = "MP"; Value = "C0805C125K4RACTU"; VariantName = "[No Variations]"
Add component (AddParameter): Name = "Package"; Value = "805-2 KEMET"; VariantName = "[No Variations]"
Add component (AddParameter): Name = "SnapEDA_Link"; Value = "https://www.snapeda.com/parts/C0805C125K4RACTU/Kemet/view-part/?ref=snap"; VariantName = "[No Variations]"
Add component (AddParameter): Name = "Value"; Value = ""; VariantName = "[No Variations]"
Added Component: Designator=C10(CAPC2012X110N)
Add component (AddParameter): Name = "Check_prices"; Value = "https://www.snapeda.com/parts/C0805C125K4RACTU/Kemet/view-part/?ref=eda"; VariantName = "[No Variations]"
Add component (AddParameter): Name = "MF"; Value = "KEMET"; VariantName = "[No Variations]"
Add component (AddParameter): Name = "MP"; Value = "C0805C125K4RACTU"; VariantName = "[No Variations]"
Add component (AddParameter): Name = "Package"; Value = "805-2 KEMET"; VariantName = "[No Variations]"
Add component (AddParameter): Name = "SnapEDA_Link"; Value = "https://www.snapeda.com/parts/C0805C125K4RACTU/Kemet/view-part/?ref=snap"; VariantName = "[No Variations]"
Add component (AddParameter): Name = "Value"; Value = ""; VariantName = "[No Variations]"
Added Component: Designator=C11(CAPC2012X110N)
Add component (AddParameter): Name = "Check_prices"; Value = "https://www.snapeda.com/parts/C0805C125K4RACTU/Kemet/view-part/?ref=eda"; VariantName = "[No Variations]"
Add component (AddParameter): Name = "MF"; Value = "KEMET"; VariantName = "[No Variations]"
Add component (AddParameter): Name = "MP"; Value = "C0805C125K4RACTU"; VariantName = "[No Variations]"
Add component (AddParameter): Name = "Package"; Value = "805-2 KEMET"; VariantName = "[No Variations]"
Add component (AddParameter): Name = "SnapEDA_Link"; Value = "https://www.snapeda.com/parts/C0805C125K4RACTU/Kemet/view-part/?ref=snap"; VariantName = "[No Variations]"
Add component (AddParameter): Name = "Value"; Value = ""; VariantName = "[No Variations]"
Added Component: Designator=C12(CAPC2012X110N)
Add component (AddParameter): Name = "Check_prices"; Value = "https://www.snapeda.com/parts/C0805C125K4RACTU/Kemet/view-part/?ref=eda"; VariantName = "[No Variations]"
Add component (AddParameter): Name = "MF"; Value = "KEMET"; VariantName = "[No Variations]"
Add component (AddParameter): Name = "MP"; Value = "C0805C125K4RACTU"; VariantName = "[No Variations]"
Add component (AddParameter): Name = "Package"; Value = "805-2 KEMET"; VariantName = "[No Variations]"
Add component (AddParameter): Name = "SnapEDA_Link"; Value = "https://www.snapeda.com/parts/C0805C125K4RACTU/Kemet/view-part/?ref=snap"; VariantName = "[No Variations]"
Add component (AddParameter): Name = "Value"; Value = ""; VariantName = "[No Variations]"
Added Component: Designator=D1(SODFL4725X110N)
Add component (AddParameter): Name = "Check_prices"; Value = "https://www.snapeda.com/parts/PMEG4020ETP,115/Nexperia/view-part/?ref=eda"; VariantName = "[No Variations]"
Add component (AddParameter): Name = "MF"; Value = "Nexperia USA"; VariantName = "[No Variations]"
Add component (AddParameter): Name = "MP"; Value = "PMEG4020ETP,115"; VariantName = "[No Variations]"
Add component (AddParameter): Name = "Package"; Value = "CFP5-2 Nexperia USA Inc."; VariantName = "[No Variations]"
Add component (AddParameter): Name = "SnapEDA_Link"; Value = "https://www.snapeda.com/parts/PMEG4020ETP,115/Nexperia/view-part/?ref=snap"; VariantName = "[No Variations]"
Add component (AddParameter): Name = "Value"; Value = ""; VariantName = "[No Variations]"
Added Component: Designator=D3(DIOM4325X250N)
Add component (AddParameter): Name = "Check_prices"; Value = "https://www.snapeda.com/parts/SMAJ11A/Bourns/view-part/?ref=eda"; VariantName = "[No Variations]"
Add component (AddParameter): Name = "MF"; Value = "Bourns"; VariantName = "[No Variations]"
Add component (AddParameter): Name = "MP"; Value = "SMAJ11A"; VariantName = "[No Variations]"
Add component (AddParameter): Name = "Package"; Value = "DO-214 Bourns"; VariantName = "[No Variations]"
Add component (AddParameter): Name = "SnapEDA_Link"; Value = "https://www.snapeda.com/parts/SMAJ11A/Bourns/view-part/?ref=snap"; VariantName = "[No Variations]"
Add component (AddParameter): Name = "Value"; Value = ""; VariantName = "[No Variations]"
Added Component: Designator=D4(LED0805N_CML)
Add component (AddParameter): Name = "Check_prices"; Value = "https://www.snapeda.com/parts/150060VS73220/W%25C3%25BCrth+Elektronik+Midcom/view-part/?ref=eda"; VariantName = "[No Variations]"
Add component (AddParameter): Name = "MF"; Value = "Würth Elektronik"; VariantName = "[No Variations]"
Add component (AddParameter): Name = "MP"; Value = "150060VS73220"; VariantName = "[No Variations]"
Add component (AddParameter): Name = "Package"; Value = "None"; VariantName = "[No Variations]"
Add component (AddParameter): Name = "SnapEDA_Link"; Value = "https://www.snapeda.com/parts/150060VS73220/W%25C3%25BCrth+Elektronik+Midcom/view-part/?ref=snap"; VariantName = "[No Variations]"
Add component (AddParameter): Name = "Value"; Value = ""; VariantName = "[No Variations]"
Added Component: Designator=D5(SODFL4725X110N)
Add component (AddParameter): Name = "Check_prices"; Value = "https://www.snapeda.com/parts/PMEG4020ETP,115/Nexperia/view-part/?ref=eda"; VariantName = "[No Variations]"
Add component (AddParameter): Name = "MF"; Value = "Nexperia USA"; VariantName = "[No Variations]"
Add component (AddParameter): Name = "MP"; Value = "PMEG4020ETP,115"; VariantName = "[No Variations]"
Add component (AddParameter): Name = "Package"; Value = "CFP5-2 Nexperia USA Inc."; VariantName = "[No Variations]"
Add component (AddParameter): Name = "SnapEDA_Link"; Value = "https://www.snapeda.com/parts/PMEG4020ETP,115/Nexperia/view-part/?ref=snap"; VariantName = "[No Variations]"
Add component (AddParameter): Name = "Value"; Value = ""; VariantName = "[No Variations]"
Added Component: Designator=D6(SODFL4725X110N)
Add component (AddParameter): Name = "Check_prices"; Value = "https://www.snapeda.com/parts/PMEG4020ETP,115/Nexperia/view-part/?ref=eda"; VariantName = "[No Variations]"
Add component (AddParameter): Name = "MF"; Value = "Nexperia USA"; VariantName = "[No Variations]"
Add component (AddParameter): Name = "MP"; Value = "PMEG4020ETP,115"; VariantName = "[No Variations]"
Add component (AddParameter): Name = "Package"; Value = "CFP5-2 Nexperia USA Inc."; VariantName = "[No Variations]"
Add component (AddParameter): Name = "SnapEDA_Link"; Value = "https://www.snapeda.com/parts/PMEG4020ETP,115/Nexperia/view-part/?ref=snap"; VariantName = "[No Variations]"
Add component (AddParameter): Name = "Value"; Value = ""; VariantName = "[No Variations]"
Added Component: Designator=D7(DIOM5126X229N)
Added Component: Designator=D8(DIOM5126X229N)
Added Component: Designator=F1(FUSE_MF-MSMF07524-2_BRN)
Add component (AddParameter): Name = "Copyright"; Value = "Copyright (C) 2026 Ultra Librarian. All rights reserved."; VariantName = "[No Variations]"
Add component (AddParameter): Name = "Manufacturer_Name"; Value = "Bourns Electronics"; VariantName = "[No Variations]"
Add component (AddParameter): Name = "Manufacturer_Part_Number"; Value = "MF-MSMF075/24-2"; VariantName = "[No Variations]"
Add component (AddParameter): Name = "RefDes"; Value = ""; VariantName = "[No Variations]"
Add component (AddParameter): Name = "Type"; Value = ""; VariantName = "[No Variations]"
Added Component: Designator=J1(JST_B2B-PH-K-S)
Add component (AddParameter): Name = "Check_prices"; Value = "https://www.snapeda.com/parts/B2B-PH-K-S/JST/view-part/?ref=eda"; VariantName = "[No Variations]"
Add component (AddParameter): Name = "MF"; Value = "JST Sales America Inc."; VariantName = "[No Variations]"
Add component (AddParameter): Name = "MP"; Value = "B2B-PH-K-S"; VariantName = "[No Variations]"
Add component (AddParameter): Name = "Package"; Value = "None"; VariantName = "[No Variations]"
Add component (AddParameter): Name = "SnapEDA_Link"; Value = "https://www.snapeda.com/parts/B2B-PH-K-S/JST/view-part/?ref=snap"; VariantName = "[No Variations]"
Add component (AddParameter): Name = "Value"; Value = ""; VariantName = "[No Variations]"
Added Component: Designator=J2(PIN4_RA)
Add component (AddParameter): Name = "Availability"; Value = "Unavailable"; VariantName = "[No Variations]"
Add component (AddParameter): Name = "MF"; Value = ""; VariantName = "[No Variations]"
Add component (AddParameter): Name = "MP"; Value = "MTSW-104-06-T-S-100"; VariantName = "[No Variations]"
Add component (AddParameter): Name = "Package"; Value = "None"; VariantName = "[No Variations]"
Add component (AddParameter): Name = "Price"; Value = "None"; VariantName = "[No Variations]"
Add component (AddParameter): Name = "Value"; Value = ""; VariantName = "[No Variations]"
Added Component: Designator=J3(TRT4)
Added Component: Designator=J4(TRT2)
Added Component: Designator=J5(TRT4)
Added Component: Designator=J6(TRT4)
Added Component: Designator=L1(CDRH104RNP330NC)
Add component (AddParameter): Name = "Arrow Part Number"; Value = "CDRH104RNP-330NC"; VariantName = "[No Variations]"
Add component (AddParameter): Name = "Arrow Price/Stock"; Value = "https://www.arrow.com/en/products/cdrh104rnp-330nc/sumida?region=nac"; VariantName = "[No Variations]"
Add component (AddParameter): Name = "Datasheet Link"; Value = "https://products.sumida.com/products/pdf/CDRH104R.pdf?t=1684247558"; VariantName = "[No Variations]"
Add component (AddParameter): Name = "Geometry.Height"; Value = "4mm"; VariantName = "[No Variations]"
Add component (AddParameter): Name = "Manufacturer_Name"; Value = "Sumida"; VariantName = "[No Variations]"
Add component (AddParameter): Name = "Manufacturer_Part_Number"; Value = "CDRH104RNP-330NC"; VariantName = "[No Variations]"
Add component (AddParameter): Name = "Mouser Part Number"; Value = "851-CDRH104RNP-330NC"; VariantName = "[No Variations]"
Add component (AddParameter): Name = "Mouser Price/Stock"; Value = "https://www.mouser.co.uk/ProductDetail/Sumida/CDRH104RNP-330NC?qs=KlpbM3lUcZybZvlhH7RqIQ%3D%3D"; VariantName = "[No Variations]"
Added Component: Designator=R1(RESC2013X84N)
Added Component: Designator=R2(RESC2013X84N)
Added Component: Designator=R3(RESC2013X84N)
Added Component: Designator=R4(RESC2013X84N)
Added Component: Designator=R5(RESC2013X84N)
Added Component: Designator=R6(RESC2013X84N)
Added Component: Designator=R7(RESC2013X84N)
Added Component: Designator=R8(RESC2013X84N)
Added Component: Designator=R9(RESC2013X84N)
Added Component: Designator=R10(RESC2013X84N)
Added Component: Designator=R15(RESC2013X84N)
Added Component: Designator=R16(RESC2013X84N)
Added Component: Designator=S1(SWITCH-SMD-4x3mm)
Add component (AddParameter): Name = "Check_prices"; Value = "https://www.snapeda.com/parts/TS-1088-AR02016/Xunpu/view-part/?ref=eda"; VariantName = "[No Variations]"
Add component (AddParameter): Name = "MF"; Value = "Xunpu"; VariantName = "[No Variations]"
Add component (AddParameter): Name = "MP"; Value = "TS-1088-AR02016"; VariantName = "[No Variations]"
Add component (AddParameter): Name = "Package"; Value = "Package"; VariantName = "[No Variations]"
Add component (AddParameter): Name = "SnapEDA_Link"; Value = "https://www.snapeda.com/parts/TS-1088-AR02016/Xunpu/view-part/?ref=snap"; VariantName = "[No Variations]"
Add component (AddParameter): Name = "Value"; Value = ""; VariantName = "[No Variations]"
Added Component: Designator=SW1(SW_MS-22D18G2ROHS)
Add component (AddParameter): Name = "Check_prices"; Value = "https://www.snapeda.com/parts/MS-22D18%20G2%20ROHS/Deyilong/view-part/?ref=eda"; VariantName = "[No Variations]"
Add component (AddParameter): Name = "MF"; Value = "Deyilong"; VariantName = "[No Variations]"
Add component (AddParameter): Name = "MP"; Value = "MS-22D18 G2 ROHS"; VariantName = "[No Variations]"
Add component (AddParameter): Name = "Package"; Value = "None"; VariantName = "[No Variations]"
Add component (AddParameter): Name = "SnapEDA_Link"; Value = "https://www.snapeda.com/parts/MS-22D18%20G2%20ROHS/Deyilong/view-part/?ref=snap"; VariantName = "[No Variations]"
Add component (AddParameter): Name = "Value"; Value = ""; VariantName = "[No Variations]"
Added Component: Designator=U1(XCVR_RAK3172)
Add component (AddParameter): Name = "Check_prices"; Value = "https://www.snapeda.com/parts/RAK3172/Shenzhen+RAKwireless+Technology+Co.%252CLtd./view-part/?ref=eda"; VariantName = "[No Variations]"
Add component (AddParameter): Name = "MF"; Value = "Shenzhen RAKwireless Technology Co.,Ltd."; VariantName = "[No Variations]"
Add component (AddParameter): Name = "MP"; Value = "RAK3172"; VariantName = "[No Variations]"
Add component (AddParameter): Name = "Package"; Value = "Package"; VariantName = "[No Variations]"
Add component (AddParameter): Name = "SnapEDA_Link"; Value = "https://www.snapeda.com/parts/RAK3172/Shenzhen+RAKwireless+Technology+Co.%252CLtd./view-part/?ref=snap"; VariantName = "[No Variations]"
Add component (AddParameter): Name = "Value"; Value = ""; VariantName = "[No Variations]"
Added Component: Designator=U2(SOT-23-5_MC_MCH-M)
Add component (AddParameter): Name = "Copyright"; Value = "Copyright (C) 2025 Ultra Librarian. All rights reserved."; VariantName = "[No Variations]"
Add component (AddParameter): Name = "Manufacturer_Name"; Value = "Microchip"; VariantName = "[No Variations]"
Add component (AddParameter): Name = "Manufacturer_Part_Number"; Value = "MCP73831T-2ACI/OT"; VariantName = "[No Variations]"
Add component (AddParameter): Name = "RefDes"; Value = "RefDes"; VariantName = "[No Variations]"
Add component (AddParameter): Name = "Type"; Value = "Type"; VariantName = "[No Variations]"
Added Component: Designator=U3(TSOT23-6SOT23-6_AER)
Add component (AddParameter): Name = "Copyright"; Value = "Copyright (C) 2025 Ultra Librarian. All rights reserved."; VariantName = "[No Variations]"
Add component (AddParameter): Name = "Manufacturer_Name"; Value = "Aerosemi"; VariantName = "[No Variations]"
Add component (AddParameter): Name = "Manufacturer_Part_Number"; Value = "MT3608"; VariantName = "[No Variations]"
Add component (AddParameter): Name = "RefDes"; Value = "RefDes"; VariantName = "[No Variations]"
Add component (AddParameter): Name = "Type"; Value = "Type"; VariantName = "[No Variations]"
Added Component: Designator=U4(SOT-89_3MC_MCH)
Add component (AddParameter): Name = "Copyright"; Value = "Copyright (C) 2026 Ultra Librarian. All rights reserved."; VariantName = "[No Variations]"
Add component (AddParameter): Name = "Manufacturer_Name"; Value = "Microchip"; VariantName = "[No Variations]"
Add component (AddParameter): Name = "Manufacturer_Part_Number"; Value = "MCP1700T-3302E/MB"; VariantName = "[No Variations]"
Add component (AddParameter): Name = "RefDes"; Value = "RefDes"; VariantName = "[No Variations]"
Add component (AddParameter): Name = "Type"; Value = "Type"; VariantName = "[No Variations]"
Added Component: Designator=U5(SOIC8-N_MC)
Add component (AddParameter): Name = "Copyright"; Value = "Copyright (C) 2025 Ultra Librarian. All rights reserved."; VariantName = "[No Variations]"
Add component (AddParameter): Name = "Manufacturer_Name"; Value = "Texas Instruments"; VariantName = "[No Variations]"
Add component (AddParameter): Name = "Manufacturer_Part_Number"; Value = "THVD2450DR"; VariantName = "[No Variations]"
Add component (AddParameter): Name = "RefDes"; Value = "RefDes"; VariantName = "[No Variations]"
Add component (AddParameter): Name = "Type"; Value = "Type"; VariantName = "[No Variations]"
Added Pin To Net: NetName=+3.3 Pin=C1-2
Added Pin To Net: NetName=+3.3 Pin=C11-2
Added Pin To Net: NetName=+3.3 Pin=D6-1
Added Pin To Net: NetName=+3.3 Pin=J2-1
Added Pin To Net: NetName=+3.3 Pin=J3-1
Added Pin To Net: NetName=+3.3 Pin=R8-2
Added Pin To Net: NetName=+3.3 Pin=R9-2
Added Pin To Net: NetName=+3.3 Pin=R16-1
Added Pin To Net: NetName=+3.3 Pin=SW1-1
Added Pin To Net: NetName=+3.3 Pin=U1-24
Added Pin To Net: NetName=+3.3 Pin=U5-8
Added Net: Name=+3.3
Added Pin To Net: NetName=+12 Pin=C7-1
Added Pin To Net: NetName=+12 Pin=D5-1
Added Pin To Net: NetName=+12 Pin=J5-1
Added Pin To Net: NetName=+12 Pin=J6-1
Added Pin To Net: NetName=+12 Pin=R5-2
Added Net: Name=+12
Added Pin To Net: NetName=A Pin=D8-2
Added Pin To Net: NetName=A Pin=J5-3
Added Pin To Net: NetName=A Pin=J6-3
Added Pin To Net: NetName=A Pin=U5-6
Added Net: Name=A
Added Pin To Net: NetName=BOOT0 Pin=R15-2
Added Pin To Net: NetName=BOOT0 Pin=SW1-2
Added Pin To Net: NetName=BOOT0 Pin=U1-21
Added Net: Name=BOOT0
Added Pin To Net: NetName=B Pin=D7-2
Added Pin To Net: NetName=B Pin=J5-4
Added Pin To Net: NetName=B Pin=J6-4
Added Pin To Net: NetName=B Pin=U5-7
Added Net: Name=B
Added Pin To Net: NetName=DE Pin=R10-2
Added Pin To Net: NetName=DE Pin=U1-29
Added Pin To Net: NetName=DE Pin=U5-3
Added Net: Name=DE
Added Pin To Net: NetName=FB Pin=R5-1
Added Pin To Net: NetName=FB Pin=R6-2
Added Pin To Net: NetName=FB Pin=U3-3
Added Net: Name=FB
Added Pin To Net: NetName=GND Pin=C1-1
Added Pin To Net: NetName=GND Pin=C2-1
Added Pin To Net: NetName=GND Pin=C3-1
Added Pin To Net: NetName=GND Pin=C4-1
Added Pin To Net: NetName=GND Pin=C5-1
Added Pin To Net: NetName=GND Pin=C6-1
Added Pin To Net: NetName=GND Pin=C7-2
Added Pin To Net: NetName=GND Pin=C8-1
Added Pin To Net: NetName=GND Pin=C9-2
Added Pin To Net: NetName=GND Pin=C10-1
Added Pin To Net: NetName=GND Pin=C11-1
Added Pin To Net: NetName=GND Pin=C12-1
Added Pin To Net: NetName=GND Pin=D3-C
Added Pin To Net: NetName=GND Pin=D7-1
Added Pin To Net: NetName=GND Pin=D8-1
Added Pin To Net: NetName=GND Pin=J1-2
Added Pin To Net: NetName=GND Pin=J2-2
Added Pin To Net: NetName=GND Pin=J3-2
Added Pin To Net: NetName=GND Pin=J4-2
Added Pin To Net: NetName=GND Pin=J5-2
Added Pin To Net: NetName=GND Pin=J6-2
Added Pin To Net: NetName=GND Pin=R2-1
Added Pin To Net: NetName=GND Pin=R3-1
Added Pin To Net: NetName=GND Pin=R6-1
Added Pin To Net: NetName=GND Pin=R7-1
Added Pin To Net: NetName=GND Pin=R10-1
Added Pin To Net: NetName=GND Pin=R15-1
Added Pin To Net: NetName=GND Pin=S1-1
Added Pin To Net: NetName=GND Pin=SW1-3
Added Pin To Net: NetName=GND Pin=U1-11
Added Pin To Net: NetName=GND Pin=U1-17
Added Pin To Net: NetName=GND Pin=U1-18
Added Pin To Net: NetName=GND Pin=U1-23
Added Pin To Net: NetName=GND Pin=U1-28
Added Pin To Net: NetName=GND Pin=U2-2
Added Pin To Net: NetName=GND Pin=U3-2
Added Pin To Net: NetName=GND Pin=U4-1
Added Pin To Net: NetName=GND Pin=U5-5
Added Net: Name=GND
Added Pin To Net: NetName=NetC10_2 Pin=C10-2
Added Pin To Net: NetName=NetC10_2 Pin=D6-2
Added Pin To Net: NetName=NetC10_2 Pin=U4-3
Added Net: Name=NetC10_2
Added Pin To Net: NetName=NetD1_2 Pin=D1-2
Added Pin To Net: NetName=NetD1_2 Pin=J4-1
Added Net: Name=NetD1_2
Added Pin To Net: NetName=NetD4_1 Pin=D4-1
Added Pin To Net: NetName=NetD4_1 Pin=R4-2
Added Net: Name=NetD4_1
Added Pin To Net: NetName=NetD5_2 Pin=D5-2
Added Pin To Net: NetName=NetD5_2 Pin=L1-2
Added Pin To Net: NetName=NetD5_2 Pin=U3-1
Added Net: Name=NetD5_2
Added Pin To Net: NetName=NetF1_2 Pin=F1-2
Added Pin To Net: NetName=NetF1_2 Pin=J1-1
Added Net: Name=NetF1_2
Added Pin To Net: NetName=NIV_BAT Pin=C3-2
Added Pin To Net: NetName=NIV_BAT Pin=R1-1
Added Pin To Net: NetName=NIV_BAT Pin=R2-2
Added Pin To Net: NetName=NIV_BAT Pin=U1-3
Added Net: Name=NIV_BAT
Added Pin To Net: NetName=PROG Pin=R3-2
Added Pin To Net: NetName=PROG Pin=U2-5
Added Net: Name=PROG
Added Pin To Net: NetName=RE Pin=R9-1
Added Pin To Net: NetName=RE Pin=U1-6
Added Pin To Net: NetName=RE Pin=U5-2
Added Net: Name=RE
Added Pin To Net: NetName=RS_485_ENA Pin=R7-2
Added Pin To Net: NetName=RS_485_ENA Pin=U1-19
Added Pin To Net: NetName=RS_485_ENA Pin=U3-4
Added Net: Name=RS_485_ENA
Added Pin To Net: NetName=RST Pin=C2-2
Added Pin To Net: NetName=RST Pin=R16-2
Added Pin To Net: NetName=RST Pin=S1-2
Added Pin To Net: NetName=RST Pin=U1-22
Added Net: Name=RST
Added Pin To Net: NetName=RX_2 Pin=J3-3
Added Pin To Net: NetName=RX_2 Pin=U1-1
Added Net: Name=RX_2
Added Pin To Net: NetName=RX Pin=R8-1
Added Pin To Net: NetName=RX Pin=U1-5
Added Pin To Net: NetName=RX Pin=U5-1
Added Net: Name=RX
Added Pin To Net: NetName=STAT Pin=R4-1
Added Pin To Net: NetName=STAT Pin=U2-1
Added Net: Name=STAT
Added Pin To Net: NetName=SWCLK Pin=J2-3
Added Pin To Net: NetName=SWCLK Pin=U1-8
Added Net: Name=SWCLK
Added Pin To Net: NetName=SWDIO Pin=J2-4
Added Pin To Net: NetName=SWDIO Pin=U1-7
Added Net: Name=SWDIO
Added Pin To Net: NetName=TX_2 Pin=J3-4
Added Pin To Net: NetName=TX_2 Pin=U1-2
Added Net: Name=TX_2
Added Pin To Net: NetName=TX Pin=U1-4
Added Pin To Net: NetName=TX Pin=U5-4
Added Net: Name=TX
Added Pin To Net: NetName=V_BAT Pin=C4-2
Added Pin To Net: NetName=V_BAT Pin=C5-2
Added Pin To Net: NetName=V_BAT Pin=C6-2
Added Pin To Net: NetName=V_BAT Pin=C8-2
Added Pin To Net: NetName=V_BAT Pin=C9-1
Added Pin To Net: NetName=V_BAT Pin=F1-1
Added Pin To Net: NetName=V_BAT Pin=L1-1
Added Pin To Net: NetName=V_BAT Pin=R1-2
Added Pin To Net: NetName=V_BAT Pin=U2-3
Added Pin To Net: NetName=V_BAT Pin=U3-5
Added Pin To Net: NetName=V_BAT Pin=U4-2
Added Net: Name=V_BAT
Added Pin To Net: NetName=VDD Pin=C12-2
Added Pin To Net: NetName=VDD Pin=D1-1
Added Pin To Net: NetName=VDD Pin=D3-A
Added Pin To Net: NetName=VDD Pin=D4-2
Added Pin To Net: NetName=VDD Pin=U2-4
Added Net: Name=VDD
Added Class: Name=Sheet2
