Removed Pin From Net: NetName=V_BAT Pin=C4-2
Removed Pin From Net: NetName=NetLD2_2 Pin=LD2-A
Removed Pin From Net: NetName=GND Pin=LD2-C
Removed Pin From Net: NetName=NetLD3_2 Pin=LD3-A
Removed Pin From Net: NetName=GND Pin=LD3-C
Removed Pin From Net: NetName=NetLD4_2 Pin=LD4-A
Removed Pin From Net: NetName=GND Pin=LD4-C
Removed Pin From Net: NetName=V_BAT Pin=U2-3
Add Pin To Net: Unknown Pin: Pin LD2-1
Add Pin To Net: Unknown Pin: Pin LD2-2
Add Pin To Net: Unknown Pin: Pin LD3-1
Add Pin To Net: Unknown Pin: Pin LD3-2
Add Pin To Net: Unknown Pin: Pin LD4-1
Add Pin To Net: Unknown Pin: Pin LD4-2
Added Pin To Net: NetName=V_CHARGE Pin=C4-2
Added Pin To Net: NetName=V_CHARGE Pin=F1-2
Added Pin To Net: NetName=V_CHARGE Pin=J1-1
Added Pin To Net: NetName=V_CHARGE Pin=U2-3
Added Net: Name=V_CHARGE
Added Member To Class: ClassName=Sheet2 Member=Component D15 Zener 6.8V
